<?xml version="1.0" encoding="UTF-8"?>
<testng-results skipped="0" failed="0" ignored="0" total="1" passed="1">
  <reporter-output>
  </reporter-output>
  <suite name="Surefire suite" duration-ms="7380" started-at="2023-06-11T19:19:39 IST" finished-at="2023-06-11T19:19:47 IST">
    <groups>
    </groups>
    <test name="Surefire test" duration-ms="7380" started-at="2023-06-11T19:19:39 IST" finished-at="2023-06-11T19:19:47 IST">
      <class name="Selenium">
        <test-method status="PASS" signature="main()[pri:0, instance:Selenium@704a52ec]" name="main" duration-ms="7325" started-at="2023-06-11T19:19:39 IST" finished-at="2023-06-11T19:19:47 IST">
          <reporter-output>
          </reporter-output>
        </test-method> <!-- main -->
      </class> <!-- Selenium -->
    </test> <!-- Surefire test -->
  </suite> <!-- Surefire suite -->
</testng-results>
